TN:
SF:script/Deploy.s.sol
DA:11,0
FN:11,DeployScript.run
FNDA:0,DeployScript.run
DA:12,0
DA:13,0
DA:14,0
FNF:1
FNH:0
LF:4
LH:0
BRF:0
BRH:0
end_of_record
TN:
SF:src/ProofOfLife.sol
DA:59,41
FN:59,ProofOfLife.constructor
FNDA:41,ProofOfLife.constructor
DA:60,41
DA:78,0
FN:78,ProofOfLife.currentEpoch
FNDA:0,ProofOfLife.currentEpoch
DA:79,152
DA:83,5
FN:83,ProofOfLife.getAge
FNDA:5,ProofOfLife.getAge
DA:84,5
DA:85,5
BRDA:85,0,0,2
DA:86,3
DA:90,6
FN:90,ProofOfLife.isAlive
FNDA:6,ProofOfLife.isAlive
DA:91,6
DA:92,6
BRDA:92,1,0,2
DA:93,4
DA:97,6
FN:97,ProofOfLife.isKillable
FNDA:6,ProofOfLife.isKillable
DA:98,6
DA:99,6
BRDA:99,2,0,2
DA:100,4
DA:104,15
FN:104,ProofOfLife.pendingReward
FNDA:15,ProofOfLife.pendingReward
DA:105,15
DA:106,15
BRDA:106,3,0,1
DA:107,14
BRDA:107,4,0,3
DA:108,11
DA:109,11
DA:113,3
FN:113,ProofOfLife.totalPool
FNDA:3,ProofOfLife.totalPool
DA:114,3
DA:118,1
FN:118,ProofOfLife.registryLength
FNDA:1,ProofOfLife.registryLength
DA:119,1
DA:123,3
FN:123,ProofOfLife.registryAt
FNDA:3,ProofOfLife.registryAt
DA:124,3
DA:131,7
FN:131,ProofOfLife.getAgentList
FNDA:7,ProofOfLife.getAgentList
DA:135,7
BRDA:135,5,0,1
DA:136,6
BRDA:136,6,0,1
DA:138,5
BRDA:138,7,0,1
DA:139,1
DA:142,5
DA:143,5
DA:144,5
DA:146,5
DA:147,10
DA:148,10
DA:150,10
DA:151,10
DA:152,10
DA:156,10
DA:157,10
BRDA:157,8,0,-
BRDA:157,8,1,9
DA:158,0
DA:159,10
BRDA:159,9,0,1
BRDA:159,9,1,9
DA:160,1
DA:162,9
DA:165,10
DA:181,4
FN:181,ProofOfLife.getKillable
FNDA:4,ProofOfLife.getKillable
DA:182,4
DA:183,4
DA:186,4
DA:187,9
DA:188,9
BRDA:188,10,0,5
DA:189,5
DA:190,5
BRDA:190,11,0,1
DA:195,4
DA:196,4
DA:197,4
DA:198,7
DA:199,7
BRDA:199,12,0,5
DA:200,5
DA:203,4
DA:209,61
FN:209,ProofOfLife.register
FNDA:61,ProofOfLife.register
DA:210,61
BRDA:210,13,0,1
DA:212,60
DA:214,60
DA:216,60
DA:225,60
DA:226,60
DA:227,60
DA:228,60
DA:230,60
DA:234,59
FN:234,ProofOfLife.heartbeat
FNDA:59,ProofOfLife.heartbeat
DA:235,59
DA:236,59
BRDA:236,14,0,1
DA:237,58
BRDA:237,15,0,1
DA:239,57
DA:240,57
BRDA:240,16,0,2
DA:241,55
BRDA:241,17,0,1
DA:244,54
DA:245,54
DA:246,54
DA:249,54
DA:250,54
DA:251,54
DA:254,54
DA:255,54
DA:256,54
DA:258,54
DA:263,20
FN:263,ProofOfLife.kill
FNDA:20,ProofOfLife.kill
DA:264,20
DA:265,20
BRDA:265,18,0,2
DA:267,18
DA:268,18
BRDA:268,19,0,1
DA:270,17
DA:273,17
DA:274,17
DA:275,17
DA:278,17
DA:279,17
DA:280,17
DA:281,17
DA:284,17
DA:285,17
BRDA:285,20,0,11
DA:286,11
DA:288,17
DA:290,17
DA:295,6
FN:295,ProofOfLife.claim
FNDA:6,ProofOfLife.claim
DA:296,6
DA:297,6
BRDA:297,21,0,1
DA:299,5
DA:300,4
BRDA:300,22,0,4
BRDA:300,22,1,1
DA:301,4
DA:302,4
DA:303,4
DA:305,1
DA:308,5
DA:309,5
BRDA:309,23,0,1
DA:311,4
DA:313,4
FNF:15
FNH:14
LF:122
LH:120
BRF:27
BRH:26
end_of_record
TN:
SF:test/ProofOfLife.t.sol
DA:11,0
FN:11,MockUSDC.decimals
FNDA:0,MockUSDC.decimals
DA:12,0
DA:15,164
FN:15,MockUSDC.mint
FNDA:164,MockUSDC.mint
DA:16,164
FNF:2
FNH:1
LF:4
LH:2
BRF:0
BRH:0
end_of_record
